<?xml version="1.0" encoding="UTF-8"?>
<testsuite name="com.motycka.edu.game.account.AccountRepositoryTest" tests="3" skipped="0" failures="0" errors="0" timestamp="2025-02-22T06:56:08" hostname="MacBook-Pro.local" time="0.016">
  <properties/>
  <testcase name="selectByUsername should return null when not found()" classname="com.motycka.edu.game.account.AccountRepositoryTest" time="0.011"/>
  <testcase name="insertAccount should return inserted account()" classname="com.motycka.edu.game.account.AccountRepositoryTest" time="0.003"/>
  <testcase name="selectByUsername should return account when found()" classname="com.motycka.edu.game.account.AccountRepositoryTest" time="0.002"/>
  <system-out><![CDATA[
  .   ____          _            __ _ _
 /\\ / ___'_ __ _ _(_)_ __  __ _ \ \ \ \
( ( )\___ | '_ | '_| | '_ \/ _` | \ \ \ \
 \\/  ___)| |_)| | | | | || (_| |  ) ) ) )
  '  |____| .__|_| |_|_| |_\__, | / / / /
 =========|_|==============|___/=/_/_/_/
?[32m :: Spring Boot :: ?[39m              ?[2m (v3.2.2)?[0;39m

?[2m2025-02-22T13:56:08.542+07:00?[0;39m ?[32m INFO?[0;39m ?[35m86507?[0;39m ?[2m---?[0;39m ?[2m[    Test worker]?[0;39m ?[2m?[0;39m?[36mc.m.e.g.account.AccountRepositoryTest   ?[0;39m ?[2m:?[0;39m Starting AccountRepositoryTest using Java 23.0.2 with PID 86507 (started by monikaprotivova in /Users/monikaprotivova/IdeaProjects/HarbourSpace/fantasy-space-game)
?[2m2025-02-22T13:56:08.542+07:00?[0;39m ?[32m INFO?[0;39m ?[35m86507?[0;39m ?[2m---?[0;39m ?[2m[    Test worker]?[0;39m ?[2m?[0;39m?[36mc.m.e.g.account.AccountRepositoryTest   ?[0;39m ?[2m:?[0;39m No active profile set, falling back to 1 default profile: "default"
?[2m2025-02-22T13:56:08.587+07:00?[0;39m ?[32m INFO?[0;39m ?[35m86507?[0;39m ?[2m---?[0;39m ?[2m[    Test worker]?[0;39m ?[2m?[0;39m?[36mbeddedDataSourceBeanFactoryPostProcessor?[0;39m ?[2m:?[0;39m Replacing 'dataSource' DataSource bean with embedded version
?[2m2025-02-22T13:56:08.603+07:00?[0;39m ?[32m INFO?[0;39m ?[35m86507?[0;39m ?[2m---?[0;39m ?[2m[    Test worker]?[0;39m ?[2m?[0;39m?[36mo.s.j.d.e.EmbeddedDatabaseFactory       ?[0;39m ?[2m:?[0;39m Starting embedded database: url='jdbc:h2:mem:af26b529-2e62-4a84-a69c-26b2ca535da0;DB_CLOSE_DELAY=-1;DB_CLOSE_ON_EXIT=false', username='sa'
?[2m2025-02-22T13:56:08.720+07:00?[0;39m ?[32m INFO?[0;39m ?[35m86507?[0;39m ?[2m---?[0;39m ?[2m[    Test worker]?[0;39m ?[2m?[0;39m?[36mc.m.e.g.account.AccountRepositoryTest   ?[0;39m ?[2m:?[0;39m Started AccountRepositoryTest in 0.187 seconds (process running for 1.89)
]]></system-out>
  <system-err><![CDATA[]]></system-err>
</testsuite>
