<?xml version="1.0" encoding="UTF-8"?>
<testsuite name="com.motycka.edu.game.account.rest.AccountModelMapperTest" tests="2" skipped="0" failures="0" errors="0" timestamp="2025-02-22T06:56:08" hostname="MacBook-Pro.local" time="0.003">
  <properties/>
  <testcase name="should map Account to AccountResponse()" classname="com.motycka.edu.game.account.rest.AccountModelMapperTest" time="0.003"/>
  <testcase name="should map AccountRegistrationRequest to Account()" classname="com.motycka.edu.game.account.rest.AccountModelMapperTest" time="0.0"/>
  <system-out><![CDATA[]]></system-out>
  <system-err><![CDATA[]]></system-err>
</testsuite>
