<?xml version="1.0" encoding="UTF-8"?>
<testsuite name="com.motycka.edu.game.account.AccountServiceTest" tests="4" skipped="0" failures="4" errors="0" timestamp="2025-02-22T06:56:08" hostname="MacBook-Pro.local" time="0.004">
  <properties/>
  <testcase name="getCurrentAccountId should return account id()" classname="com.motycka.edu.game.account.AccountServiceTest" time="0.002">
    <failure message="java.lang.NullPointerException: Cannot invoke &quot;org.springframework.jdbc.core.JdbcTemplate.query(String, org.springframework.jdbc.core.RowMapper, Object[])&quot; because &quot;this.jdbcTemplate&quot; is null" type="java.lang.NullPointerException">java.lang.NullPointerException: Cannot invoke &quot;org.springframework.jdbc.core.JdbcTemplate.query(String, org.springframework.jdbc.core.RowMapper, Object[])&quot; because &quot;this.jdbcTemplate&quot; is null
	at com.motycka.edu.game.account.AccountRepository.selectByUsername(AccountRepository.kt:33)
	at com.motycka.edu.game.account.AccountServiceTest.setUp$lambda$0(AccountServiceTest.kt:24)
	at io.mockk.impl.eval.RecordedBlockEvaluator$record$block$1.invoke(RecordedBlockEvaluator.kt:24)
	at io.mockk.impl.eval.RecordedBlockEvaluator$enhanceWithRethrow$1.invoke(RecordedBlockEvaluator.kt:76)
	at io.mockk.impl.recording.JvmAutoHinter.autoHint(JvmAutoHinter.kt:23)
	at io.mockk.impl.eval.RecordedBlockEvaluator.record(RecordedBlockEvaluator.kt:39)
	at io.mockk.impl.eval.EveryBlockEvaluator.every(EveryBlockEvaluator.kt:30)
	at io.mockk.MockKDsl.internalEvery(API.kt:94)
	at io.mockk.MockKKt.every(MockK.kt:143)
	at com.motycka.edu.game.account.AccountServiceTest.setUp(AccountServiceTest.kt:24)
	at java.base/java.lang.reflect.Method.invoke(Method.java:580)
	at java.base/java.util.ArrayList.forEach(ArrayList.java:1597)
	at java.base/java.util.ArrayList.forEach(ArrayList.java:1597)
</failure>
  </testcase>
  <testcase name="getByUsername should return account when found()" classname="com.motycka.edu.game.account.AccountServiceTest" time="0.001">
    <failure message="java.lang.NullPointerException: Cannot invoke &quot;org.springframework.jdbc.core.JdbcTemplate.query(String, org.springframework.jdbc.core.RowMapper, Object[])&quot; because &quot;this.jdbcTemplate&quot; is null" type="java.lang.NullPointerException">java.lang.NullPointerException: Cannot invoke &quot;org.springframework.jdbc.core.JdbcTemplate.query(String, org.springframework.jdbc.core.RowMapper, Object[])&quot; because &quot;this.jdbcTemplate&quot; is null
	at com.motycka.edu.game.account.AccountRepository.selectByUsername(AccountRepository.kt:33)
	at com.motycka.edu.game.account.AccountServiceTest.setUp$lambda$0(AccountServiceTest.kt:24)
	at io.mockk.impl.eval.RecordedBlockEvaluator$record$block$1.invoke(RecordedBlockEvaluator.kt:24)
	at io.mockk.impl.eval.RecordedBlockEvaluator$enhanceWithRethrow$1.invoke(RecordedBlockEvaluator.kt:76)
	at io.mockk.impl.recording.JvmAutoHinter.autoHint(JvmAutoHinter.kt:23)
	at io.mockk.impl.eval.RecordedBlockEvaluator.record(RecordedBlockEvaluator.kt:39)
	at io.mockk.impl.eval.EveryBlockEvaluator.every(EveryBlockEvaluator.kt:30)
	at io.mockk.MockKDsl.internalEvery(API.kt:94)
	at io.mockk.MockKKt.every(MockK.kt:143)
	at com.motycka.edu.game.account.AccountServiceTest.setUp(AccountServiceTest.kt:24)
	at java.base/java.lang.reflect.Method.invoke(Method.java:580)
	at java.base/java.util.ArrayList.forEach(ArrayList.java:1597)
	at java.base/java.util.ArrayList.forEach(ArrayList.java:1597)
</failure>
  </testcase>
  <testcase name="getByUsername should return null when not found()" classname="com.motycka.edu.game.account.AccountServiceTest" time="0.0">
    <failure message="java.lang.NullPointerException: Cannot invoke &quot;org.springframework.jdbc.core.JdbcTemplate.query(String, org.springframework.jdbc.core.RowMapper, Object[])&quot; because &quot;this.jdbcTemplate&quot; is null" type="java.lang.NullPointerException">java.lang.NullPointerException: Cannot invoke &quot;org.springframework.jdbc.core.JdbcTemplate.query(String, org.springframework.jdbc.core.RowMapper, Object[])&quot; because &quot;this.jdbcTemplate&quot; is null
	at com.motycka.edu.game.account.AccountRepository.selectByUsername(AccountRepository.kt:33)
	at com.motycka.edu.game.account.AccountServiceTest.setUp$lambda$0(AccountServiceTest.kt:24)
	at io.mockk.impl.eval.RecordedBlockEvaluator$record$block$1.invoke(RecordedBlockEvaluator.kt:24)
	at io.mockk.impl.eval.RecordedBlockEvaluator$enhanceWithRethrow$1.invoke(RecordedBlockEvaluator.kt:76)
	at io.mockk.impl.recording.JvmAutoHinter.autoHint(JvmAutoHinter.kt:23)
	at io.mockk.impl.eval.RecordedBlockEvaluator.record(RecordedBlockEvaluator.kt:39)
	at io.mockk.impl.eval.EveryBlockEvaluator.every(EveryBlockEvaluator.kt:30)
	at io.mockk.MockKDsl.internalEvery(API.kt:94)
	at io.mockk.MockKKt.every(MockK.kt:143)
	at com.motycka.edu.game.account.AccountServiceTest.setUp(AccountServiceTest.kt:24)
	at java.base/java.lang.reflect.Method.invoke(Method.java:580)
	at java.base/java.util.ArrayList.forEach(ArrayList.java:1597)
	at java.base/java.util.ArrayList.forEach(ArrayList.java:1597)
</failure>
  </testcase>
  <testcase name="createAccount should return created account()" classname="com.motycka.edu.game.account.AccountServiceTest" time="0.0">
    <failure message="java.lang.NullPointerException: Cannot invoke &quot;org.springframework.jdbc.core.JdbcTemplate.query(String, org.springframework.jdbc.core.RowMapper, Object[])&quot; because &quot;this.jdbcTemplate&quot; is null" type="java.lang.NullPointerException">java.lang.NullPointerException: Cannot invoke &quot;org.springframework.jdbc.core.JdbcTemplate.query(String, org.springframework.jdbc.core.RowMapper, Object[])&quot; because &quot;this.jdbcTemplate&quot; is null
	at com.motycka.edu.game.account.AccountRepository.selectByUsername(AccountRepository.kt:33)
	at com.motycka.edu.game.account.AccountServiceTest.setUp$lambda$0(AccountServiceTest.kt:24)
	at io.mockk.impl.eval.RecordedBlockEvaluator$record$block$1.invoke(RecordedBlockEvaluator.kt:24)
	at io.mockk.impl.eval.RecordedBlockEvaluator$enhanceWithRethrow$1.invoke(RecordedBlockEvaluator.kt:76)
	at io.mockk.impl.recording.JvmAutoHinter.autoHint(JvmAutoHinter.kt:23)
	at io.mockk.impl.eval.RecordedBlockEvaluator.record(RecordedBlockEvaluator.kt:39)
	at io.mockk.impl.eval.EveryBlockEvaluator.every(EveryBlockEvaluator.kt:30)
	at io.mockk.MockKDsl.internalEvery(API.kt:94)
	at io.mockk.MockKKt.every(MockK.kt:143)
	at com.motycka.edu.game.account.AccountServiceTest.setUp(AccountServiceTest.kt:24)
	at java.base/java.lang.reflect.Method.invoke(Method.java:580)
	at java.base/java.util.ArrayList.forEach(ArrayList.java:1597)
	at java.base/java.util.ArrayList.forEach(ArrayList.java:1597)
</failure>
  </testcase>
  <system-out><![CDATA[?[2m2025-02-22T13:56:08.504+07:00?[0;39m ?[33m WARN?[0;39m ?[35m86507?[0;39m ?[2m---?[0;39m ?[2m[    Test worker]?[0;39m ?[2m?[0;39m?[36mi.m.p.j.t.InliningClassTransformer      ?[0;39m ?[2m:?[0;39m Failed to transform class com/motycka/edu/game/account/AccountRepository

java.lang.IllegalArgumentException: Java 23 (67) is not supported by the current version of Byte Buddy which officially supports Java 22 (66) - update Byte Buddy or set net.bytebuddy.experimental as a VM property
	at net.bytebuddy.utility.OpenedClassReader.of(OpenedClassReader.java:100)
	at net.bytebuddy.dynamic.scaffold.TypeWriter$Default$ForInlining.create(TypeWriter.java:4011)
	at net.bytebuddy.dynamic.scaffold.TypeWriter$Default.make(TypeWriter.java:2224)
	at net.bytebuddy.dynamic.DynamicType$Builder$AbstractBase$UsingTypeWriter.make(DynamicType.java:4055)
	at net.bytebuddy.dynamic.DynamicType$Builder$AbstractBase.make(DynamicType.java:3739)
	at io.mockk.proxy.jvm.transformation.InliningClassTransformer.transform(InliningClassTransformer.kt:81)
	at java.instrument/java.lang.instrument.ClassFileTransformer.transform(ClassFileTransformer.java:242)
	at java.instrument/sun.instrument.TransformerManager.transform(TransformerManager.java:188)
	at java.instrument/sun.instrument.InstrumentationImpl.transform(InstrumentationImpl.java:610)
	at java.instrument/sun.instrument.InstrumentationImpl.retransformClasses0(Native Method)
	at java.instrument/sun.instrument.InstrumentationImpl.retransformClasses(InstrumentationImpl.java:225)
	at io.mockk.proxy.jvm.transformation.JvmInlineInstrumentation.retransform(JvmInlineInstrumentation.kt:28)
	at io.mockk.proxy.common.transformation.RetransformInlineInstrumentation$execute$1.invoke(RetransformInlineInstrumentation.kt:19)
	at io.mockk.proxy.common.transformation.RetransformInlineInstrumentation$execute$1.invoke(RetransformInlineInstrumentation.kt:16)
	at io.mockk.proxy.common.transformation.ClassTransformationSpecMap.applyTransformation(ClassTransformationSpecMap.kt:41)
	at io.mockk.proxy.common.transformation.RetransformInlineInstrumentation.execute(RetransformInlineInstrumentation.kt:16)
	at io.mockk.proxy.jvm.ProxyMaker.inline(ProxyMaker.kt:90)
	at io.mockk.proxy.jvm.ProxyMaker.proxy(ProxyMaker.kt:34)
	at io.mockk.impl.instantiation.JvmMockFactory.newProxy(JvmMockFactory.kt:34)
	at io.mockk.impl.instantiation.AbstractMockFactory.newProxy$default(AbstractMockFactory.kt:24)
	at io.mockk.impl.instantiation.AbstractMockFactory.mockk(AbstractMockFactory.kt:59)
	at com.motycka.edu.game.account.AccountServiceTest.<init>(AccountServiceTest.kt:75)
	at java.base/jdk.internal.reflect.DirectConstructorHandleAccessor.newInstance(DirectConstructorHandleAccessor.java:62)
	at java.base/java.lang.reflect.Constructor.newInstanceWithCaller(Constructor.java:501)
	at java.base/java.lang.reflect.Constructor.newInstance(Constructor.java:485)
	at org.junit.platform.commons.util.ReflectionUtils.newInstance(ReflectionUtils.java:553)
	at org.junit.jupiter.engine.execution.ConstructorInvocation.proceed(ConstructorInvocation.java:56)
	at org.junit.jupiter.engine.execution.InvocationInterceptorChain$ValidatingInvocation.proceed(InvocationInterceptorChain.java:131)
	at org.junit.jupiter.api.extension.InvocationInterceptor.interceptTestClassConstructor(InvocationInterceptor.java:74)
	at org.junit.jupiter.engine.execution.InterceptingExecutableInvoker.lambda$invoke$0(InterceptingExecutableInvoker.java:93)
	at org.junit.jupiter.engine.execution.InvocationInterceptorChain$InterceptedInvocation.proceed(InvocationInterceptorChain.java:106)
	at org.junit.jupiter.engine.execution.InvocationInterceptorChain.proceed(InvocationInterceptorChain.java:64)
	at org.junit.jupiter.engine.execution.InvocationInterceptorChain.chainAndInvoke(InvocationInterceptorChain.java:45)
	at org.junit.jupiter.engine.execution.InvocationInterceptorChain.invoke(InvocationInterceptorChain.java:37)
	at org.junit.jupiter.engine.execution.InterceptingExecutableInvoker.invoke(InterceptingExecutableInvoker.java:92)
	at org.junit.jupiter.engine.execution.InterceptingExecutableInvoker.invoke(InterceptingExecutableInvoker.java:62)
	at org.junit.jupiter.engine.descriptor.ClassBasedTestDescriptor.invokeTestClassConstructor(ClassBasedTestDescriptor.java:364)
	at org.junit.jupiter.engine.descriptor.ClassBasedTestDescriptor.instantiateTestClass(ClassBasedTestDescriptor.java:311)
	at org.junit.jupiter.engine.descriptor.ClassTestDescriptor.instantiateTestClass(ClassTestDescriptor.java:79)
	at org.junit.jupiter.engine.descriptor.ClassBasedTestDescriptor.instantiateAndPostProcessTestInstance(ClassBasedTestDescriptor.java:287)
	at org.junit.jupiter.engine.descriptor.ClassBasedTestDescriptor.lambda$testInstancesProvider$4(ClassBasedTestDescriptor.java:279)
	at java.base/java.util.Optional.orElseGet(Optional.java:364)
	at org.junit.jupiter.engine.descriptor.ClassBasedTestDescriptor.lambda$testInstancesProvider$5(ClassBasedTestDescriptor.java:278)
	at org.junit.jupiter.engine.execution.TestInstancesProvider.getTestInstances(TestInstancesProvider.java:31)
	at org.junit.jupiter.engine.descriptor.TestMethodTestDescriptor.lambda$prepare$0(TestMethodTestDescriptor.java:106)
	at org.junit.platform.engine.support.hierarchical.ThrowableCollector.execute(ThrowableCollector.java:73)
	at org.junit.jupiter.engine.descriptor.TestMethodTestDescriptor.prepare(TestMethodTestDescriptor.java:105)
	at org.junit.jupiter.engine.descriptor.TestMethodTestDescriptor.prepare(TestMethodTestDescriptor.java:69)
	at org.junit.platform.engine.support.hierarchical.NodeTestTask.lambda$prepare$2(NodeTestTask.java:123)
	at org.junit.platform.engine.support.hierarchical.ThrowableCollector.execute(ThrowableCollector.java:73)
	at org.junit.platform.engine.support.hierarchical.NodeTestTask.prepare(NodeTestTask.java:123)
	at org.junit.platform.engine.support.hierarchical.NodeTestTask.execute(NodeTestTask.java:90)
	at java.base/java.util.ArrayList.forEach(ArrayList.java:1597)
	at org.junit.platform.engine.support.hierarchical.SameThreadHierarchicalTestExecutorService.invokeAll(SameThreadHierarchicalTestExecutorService.java:41)
	at org.junit.platform.engine.support.hierarchical.NodeTestTask.lambda$executeRecursively$6(NodeTestTask.java:155)
	at org.junit.platform.engine.support.hierarchical.ThrowableCollector.execute(ThrowableCollector.java:73)
	at org.junit.platform.engine.support.hierarchical.NodeTestTask.lambda$executeRecursively$8(NodeTestTask.java:141)
	at org.junit.platform.engine.support.hierarchical.Node.around(Node.java:137)
	at org.junit.platform.engine.support.hierarchical.NodeTestTask.lambda$executeRecursively$9(NodeTestTask.java:139)
	at org.junit.platform.engine.support.hierarchical.ThrowableCollector.execute(ThrowableCollector.java:73)
	at org.junit.platform.engine.support.hierarchical.NodeTestTask.executeRecursively(NodeTestTask.java:138)
	at org.junit.platform.engine.support.hierarchical.NodeTestTask.execute(NodeTestTask.java:95)
	at java.base/java.util.ArrayList.forEach(ArrayList.java:1597)
	at org.junit.platform.engine.support.hierarchical.SameThreadHierarchicalTestExecutorService.invokeAll(SameThreadHierarchicalTestExecutorService.java:41)
	at org.junit.platform.engine.support.hierarchical.NodeTestTask.lambda$executeRecursively$6(NodeTestTask.java:155)
	at org.junit.platform.engine.support.hierarchical.ThrowableCollector.execute(ThrowableCollector.java:73)
	at org.junit.platform.engine.support.hierarchical.NodeTestTask.lambda$executeRecursively$8(NodeTestTask.java:141)
	at org.junit.platform.engine.support.hierarchical.Node.around(Node.java:137)
	at org.junit.platform.engine.support.hierarchical.NodeTestTask.lambda$executeRecursively$9(NodeTestTask.java:139)
	at org.junit.platform.engine.support.hierarchical.ThrowableCollector.execute(ThrowableCollector.java:73)
	at org.junit.platform.engine.support.hierarchical.NodeTestTask.executeRecursively(NodeTestTask.java:138)
	at org.junit.platform.engine.support.hierarchical.NodeTestTask.execute(NodeTestTask.java:95)
	at org.junit.platform.engine.support.hierarchical.SameThreadHierarchicalTestExecutorService.submit(SameThreadHierarchicalTestExecutorService.java:35)
	at org.junit.platform.engine.support.hierarchical.HierarchicalTestExecutor.execute(HierarchicalTestExecutor.java:57)
	at org.junit.platform.engine.support.hierarchical.HierarchicalTestEngine.execute(HierarchicalTestEngine.java:54)
	at org.junit.platform.launcher.core.EngineExecutionOrchestrator.execute(EngineExecutionOrchestrator.java:198)
	at org.junit.platform.launcher.core.EngineExecutionOrchestrator.execute(EngineExecutionOrchestrator.java:169)
	at org.junit.platform.launcher.core.EngineExecutionOrchestrator.execute(EngineExecutionOrchestrator.java:93)
	at org.junit.platform.launcher.core.EngineExecutionOrchestrator.lambda$execute$0(EngineExecutionOrchestrator.java:58)
	at org.junit.platform.launcher.core.EngineExecutionOrchestrator.withInterceptedStreams(EngineExecutionOrchestrator.java:141)
	at org.junit.platform.launcher.core.EngineExecutionOrchestrator.execute(EngineExecutionOrchestrator.java:57)
	at org.junit.platform.launcher.core.DefaultLauncher.execute(DefaultLauncher.java:103)
	at org.junit.platform.launcher.core.DefaultLauncher.execute(DefaultLauncher.java:85)
	at org.junit.platform.launcher.core.DelegatingLauncher.execute(DelegatingLauncher.java:47)
	at org.gradle.api.internal.tasks.testing.junitplatform.JUnitPlatformTestClassProcessor$CollectAllTestClassesExecutor.processAllTestClasses(JUnitPlatformTestClassProcessor.java:124)
	at org.gradle.api.internal.tasks.testing.junitplatform.JUnitPlatformTestClassProcessor$CollectAllTestClassesExecutor.access$000(JUnitPlatformTestClassProcessor.java:99)
	at org.gradle.api.internal.tasks.testing.junitplatform.JUnitPlatformTestClassProcessor.stop(JUnitPlatformTestClassProcessor.java:94)
	at org.gradle.api.internal.tasks.testing.SuiteTestClassProcessor.stop(SuiteTestClassProcessor.java:63)
	at java.base/jdk.internal.reflect.DirectMethodHandleAccessor.invoke(DirectMethodHandleAccessor.java:103)
	at java.base/java.lang.reflect.Method.invoke(Method.java:580)
	at org.gradle.internal.dispatch.ReflectionDispatch.dispatch(ReflectionDispatch.java:36)
	at org.gradle.internal.dispatch.ReflectionDispatch.dispatch(ReflectionDispatch.java:24)
	at org.gradle.internal.dispatch.ContextClassLoaderDispatch.dispatch(ContextClassLoaderDispatch.java:33)
	at org.gradle.internal.dispatch.ProxyDispatchAdapter$DispatchingInvocationHandler.invoke(ProxyDispatchAdapter.java:92)
	at jdk.proxy1/jdk.proxy1.$Proxy4.stop(Unknown Source)
	at org.gradle.api.internal.tasks.testing.worker.TestWorker$3.run(TestWorker.java:200)
	at org.gradle.api.internal.tasks.testing.worker.TestWorker.executeAndMaintainThreadName(TestWorker.java:132)
	at org.gradle.api.internal.tasks.testing.worker.TestWorker.execute(TestWorker.java:103)
	at org.gradle.api.internal.tasks.testing.worker.TestWorker.execute(TestWorker.java:63)
	at org.gradle.process.internal.worker.child.ActionExecutionWorker.execute(ActionExecutionWorker.java:56)
	at org.gradle.process.internal.worker.child.SystemApplicationClassLoaderWorker.call(SystemApplicationClassLoaderWorker.java:121)
	at org.gradle.process.internal.worker.child.SystemApplicationClassLoaderWorker.call(SystemApplicationClassLoaderWorker.java:71)
	at worker.org.gradle.process.internal.worker.GradleWorkerMain.run(GradleWorkerMain.java:69)
	at worker.org.gradle.process.internal.worker.GradleWorkerMain.main(GradleWorkerMain.java:74)

]]></system-out>
  <system-err><![CDATA[]]></system-err>
</testsuite>
